ARM GAS  /tmp/cc9oiqaJ.s 			page 1


   1              		.cpu cortex-m3
   2              		.eabi_attribute 20, 1
   3              		.eabi_attribute 21, 1
   4              		.eabi_attribute 23, 3
   5              		.eabi_attribute 24, 1
   6              		.eabi_attribute 25, 1
   7              		.eabi_attribute 26, 1
   8              		.eabi_attribute 30, 1
   9              		.eabi_attribute 34, 1
  10              		.eabi_attribute 18, 4
  11              		.file	"BLDC_controller_data.c"
  12              		.text
  13              	.Ltext0:
  14              		.cfi_sections	.debug_frame
  15              		.global	rtP_Left
  16              		.global	rtConstP
  17              		.section	.data.rtP_Left,"aw",%progbits
  18              		.align	2
  21              	rtP_Left:
  22 0000 00300000 		.word	12288
  23 0004 2800     		.short	40
  24 0006 1400     		.short	20
  25 0008 D007     		.short	2000
  26 000a AB29     		.short	10667
  27 000c 8025     		.short	9600
  28 000e 0005     		.short	1280
  29 0010 4038     		.short	14400
  30 0012 4038     		.short	14400
  31 0014 3C38     		.short	14396
  32 0016 3238     		.short	14386
  33 0018 2038     		.short	14368
  34 001a 0738     		.short	14343
  35 001c E737     		.short	14311
  36 001e BF37     		.short	14271
  37 0020 9137     		.short	14225
  38 0022 5B37     		.short	14171
  39 0024 1D37     		.short	14109
  40 0026 D836     		.short	14040
  41 0028 8B36     		.short	13963
  42 002a 3736     		.short	13879
  43 002c DA35     		.short	13786
  44 002e 7535     		.short	13685
  45 0030 0835     		.short	13576
  46 0032 9334     		.short	13459
  47 0034 1534     		.short	13333
  48 0036 8E33     		.short	13198
  49 0038 FD32     		.short	13053
  50 003a 6432     		.short	12900
  51 003c C031     		.short	12736
  52 003e 1231     		.short	12562
  53 0040 5930     		.short	12377
  54 0042 952F     		.short	12181
  55 0044 C52E     		.short	11973
  56 0046 E92D     		.short	11753
  57 0048 002D     		.short	11520
  58 004a 092C     		.short	11273
  59 004c 032B     		.short	11011
ARM GAS  /tmp/cc9oiqaJ.s 			page 2


  60 004e ED29     		.short	10733
  61 0050 C628     		.short	10438
  62 0052 8C27     		.short	10124
  63 0054 3E26     		.short	9790
  64 0056 D924     		.short	9433
  65 0058 5B23     		.short	9051
  66 005a C021     		.short	8640
  67 005c 0420     		.short	8196
  68 005e 211E     		.short	7713
  69 0060 101C     		.short	7184
  70 0062 C519     		.short	6597
  71 0064 2F17     		.short	5935
  72 0066 3214     		.short	5170
  73 0068 9510     		.short	4245
  74 006a CB0B     		.short	3019
  75 006c 0000     		.short	0
  76 006e 0000     		.short	0
  77 0070 4001     		.short	320
  78 0072 8002     		.short	640
  79 0074 C003     		.short	960
  80 0076 0005     		.short	1280
  81 0078 4006     		.short	1600
  82 007a 8007     		.short	1920
  83 007c C008     		.short	2240
  84 007e 000A     		.short	2560
  85 0080 400B     		.short	2880
  86 0082 800C     		.short	3200
  87 0084 C00D     		.short	3520
  88 0086 000F     		.short	3840
  89 0088 4010     		.short	4160
  90 008a 8011     		.short	4480
  91 008c C012     		.short	4800
  92 008e 0014     		.short	5120
  93 0090 4015     		.short	5440
  94 0092 8016     		.short	5760
  95 0094 C017     		.short	6080
  96 0096 0019     		.short	6400
  97 0098 401A     		.short	6720
  98 009a 801B     		.short	7040
  99 009c C01C     		.short	7360
 100 009e 001E     		.short	7680
 101 00a0 401F     		.short	8000
 102 00a2 8020     		.short	8320
 103 00a4 C021     		.short	8640
 104 00a6 0023     		.short	8960
 105 00a8 4024     		.short	9280
 106 00aa 8025     		.short	9600
 107 00ac C026     		.short	9920
 108 00ae 0028     		.short	10240
 109 00b0 4029     		.short	10560
 110 00b2 802A     		.short	10880
 111 00b4 C02B     		.short	11200
 112 00b6 002D     		.short	11520
 113 00b8 402E     		.short	11840
 114 00ba 802F     		.short	12160
 115 00bc C030     		.short	12480
 116 00be 0032     		.short	12800
ARM GAS  /tmp/cc9oiqaJ.s 			page 3


 117 00c0 4033     		.short	13120
 118 00c2 8034     		.short	13440
 119 00c4 C035     		.short	13760
 120 00c6 0037     		.short	14080
 121 00c8 4038     		.short	14400
 122 00ca 9001     		.short	400
 123 00cc E02E     		.short	12000
 124 00ce A00F     		.short	4000
 125 00d0 F000     		.short	240
 126 00d2 E001     		.short	480
 127 00d4 0019     		.short	6400
 128 00d6 C012     		.short	4800
 129 00d8 803E     		.short	16000
 130 00da 3000     		.short	48
 131 00dc 8025     		.short	9600
 132 00de C05D     		.short	24000
 133 00e0 803E     		.short	16000
 134 00e2 0003     		.short	768
 135 00e4 3303     		.short	819
 136 00e6 CD04     		.short	1229
 137 00e8 E112     		.short	4833
 138 00ea B81E     		.short	7864
 139 00ec E102     		.short	737
 140 00ee CD04     		.short	1229
 141 00f0 E102     		.short	737
 142 00f2 FB00     		.short	251
 143 00f4 F600     		.short	246
 144 00f6 02       		.byte	2
 145 00f7 01       		.byte	1
 146 00f8 00       		.byte	0
 147 00f9 01       		.byte	1
 148 00fa 0000     		.space	2
 149              		.section	.rodata.rtConstP,"a",%progbits
 150              		.align	2
 153              	rtConstP:
 154 0000 DDCC     		.short	-13091
 155 0002 BECA     		.short	-13634
 156 0004 D2C8     		.short	-14126
 157 0006 1BC7     		.short	-14565
 158 0008 97C5     		.short	-14953
 159 000a 47C4     		.short	-15289
 160 000c 27C3     		.short	-15577
 161 000e 38C2     		.short	-15816
 162 0010 77C1     		.short	-16009
 163 0012 E1C0     		.short	-16159
 164 0014 73C0     		.short	-16269
 165 0016 2CC0     		.short	-16340
 166 0018 07C0     		.short	-16377
 167 001a 01C0     		.short	-16383
 168 001c 16C0     		.short	-16362
 169 001e 43C0     		.short	-16317
 170 0020 83C0     		.short	-16253
 171 0022 D4C0     		.short	-16172
 172 0024 31C1     		.short	-16079
 173 0026 97C1     		.short	-15977
 174 0028 02C2     		.short	-15870
 175 002a 6EC2     		.short	-15762
ARM GAS  /tmp/cc9oiqaJ.s 			page 4


 176 002c D8C2     		.short	-15656
 177 002e 3DC3     		.short	-15555
 178 0030 9BC3     		.short	-15461
 179 0032 EFC3     		.short	-15377
 180 0034 36C4     		.short	-15306
 181 0036 70C4     		.short	-15248
 182 0038 9AC4     		.short	-15206
 183 003a B4C4     		.short	-15180
 184 003c BCC4     		.short	-15172
 185 003e B4C4     		.short	-15180
 186 0040 9AC4     		.short	-15206
 187 0042 70C4     		.short	-15248
 188 0044 36C4     		.short	-15306
 189 0046 EFC3     		.short	-15377
 190 0048 9BC3     		.short	-15461
 191 004a 3DC3     		.short	-15555
 192 004c D8C2     		.short	-15656
 193 004e 6EC2     		.short	-15762
 194 0050 02C2     		.short	-15870
 195 0052 97C1     		.short	-15977
 196 0054 31C1     		.short	-16079
 197 0056 D4C0     		.short	-16172
 198 0058 83C0     		.short	-16253
 199 005a 43C0     		.short	-16317
 200 005c 16C0     		.short	-16362
 201 005e 01C0     		.short	-16383
 202 0060 07C0     		.short	-16377
 203 0062 2CC0     		.short	-16340
 204 0064 73C0     		.short	-16269
 205 0066 E1C0     		.short	-16159
 206 0068 77C1     		.short	-16009
 207 006a 38C2     		.short	-15816
 208 006c 27C3     		.short	-15577
 209 006e 47C4     		.short	-15289
 210 0070 97C5     		.short	-14953
 211 0072 1BC7     		.short	-14565
 212 0074 D2C8     		.short	-14126
 213 0076 BECA     		.short	-13634
 214 0078 DDCC     		.short	-13091
 215 007a 30CF     		.short	-12496
 216 007c B7D1     		.short	-11849
 217 007e 6ED4     		.short	-11154
 218 0080 55D7     		.short	-10411
 219 0082 69DA     		.short	-9623
 220 0084 A9DD     		.short	-8791
 221 0086 0FE1     		.short	-7921
 222 0088 9AE4     		.short	-7014
 223 008a 45E8     		.short	-6075
 224 008c 0DEC     		.short	-5107
 225 008e EDEF     		.short	-4115
 226 0090 E0F3     		.short	-3104
 227 0092 E3F7     		.short	-2077
 228 0094 EFFB     		.short	-1041
 229 0096 0000     		.short	0
 230 0098 1104     		.short	1041
 231 009a 1D08     		.short	2077
 232 009c 200C     		.short	3104
ARM GAS  /tmp/cc9oiqaJ.s 			page 5


 233 009e 1310     		.short	4115
 234 00a0 F313     		.short	5107
 235 00a2 BB17     		.short	6075
 236 00a4 661B     		.short	7014
 237 00a6 F11E     		.short	7921
 238 00a8 5722     		.short	8791
 239 00aa 9725     		.short	9623
 240 00ac AB28     		.short	10411
 241 00ae 922B     		.short	11154
 242 00b0 492E     		.short	11849
 243 00b2 D030     		.short	12496
 244 00b4 2333     		.short	13091
 245 00b6 4235     		.short	13634
 246 00b8 2E37     		.short	14126
 247 00ba E538     		.short	14565
 248 00bc 693A     		.short	14953
 249 00be B93B     		.short	15289
 250 00c0 D93C     		.short	15577
 251 00c2 C83D     		.short	15816
 252 00c4 893E     		.short	16009
 253 00c6 1F3F     		.short	16159
 254 00c8 8D3F     		.short	16269
 255 00ca D43F     		.short	16340
 256 00cc F93F     		.short	16377
 257 00ce FF3F     		.short	16383
 258 00d0 EA3F     		.short	16362
 259 00d2 BD3F     		.short	16317
 260 00d4 7D3F     		.short	16253
 261 00d6 2C3F     		.short	16172
 262 00d8 CF3E     		.short	16079
 263 00da 693E     		.short	15977
 264 00dc FE3D     		.short	15870
 265 00de 923D     		.short	15762
 266 00e0 283D     		.short	15656
 267 00e2 C33C     		.short	15555
 268 00e4 653C     		.short	15461
 269 00e6 113C     		.short	15377
 270 00e8 CA3B     		.short	15306
 271 00ea 903B     		.short	15248
 272 00ec 663B     		.short	15206
 273 00ee 4C3B     		.short	15180
 274 00f0 443B     		.short	15172
 275 00f2 4C3B     		.short	15180
 276 00f4 663B     		.short	15206
 277 00f6 903B     		.short	15248
 278 00f8 CA3B     		.short	15306
 279 00fa 113C     		.short	15377
 280 00fc 653C     		.short	15461
 281 00fe C33C     		.short	15555
 282 0100 283D     		.short	15656
 283 0102 923D     		.short	15762
 284 0104 FE3D     		.short	15870
 285 0106 693E     		.short	15977
 286 0108 CF3E     		.short	16079
 287 010a 2C3F     		.short	16172
 288 010c 7D3F     		.short	16253
 289 010e BD3F     		.short	16317
ARM GAS  /tmp/cc9oiqaJ.s 			page 6


 290 0110 EA3F     		.short	16362
 291 0112 FF3F     		.short	16383
 292 0114 F93F     		.short	16377
 293 0116 D43F     		.short	16340
 294 0118 8D3F     		.short	16269
 295 011a 1F3F     		.short	16159
 296 011c 893E     		.short	16009
 297 011e C83D     		.short	15816
 298 0120 D93C     		.short	15577
 299 0122 B93B     		.short	15289
 300 0124 693A     		.short	14953
 301 0126 E538     		.short	14565
 302 0128 2E37     		.short	14126
 303 012a 4235     		.short	13634
 304 012c 2333     		.short	13091
 305 012e D030     		.short	12496
 306 0130 492E     		.short	11849
 307 0132 922B     		.short	11154
 308 0134 AB28     		.short	10411
 309 0136 9725     		.short	9623
 310 0138 5722     		.short	8791
 311 013a F11E     		.short	7921
 312 013c 661B     		.short	7014
 313 013e BB17     		.short	6075
 314 0140 F313     		.short	5107
 315 0142 1310     		.short	4115
 316 0144 200C     		.short	3104
 317 0146 1D08     		.short	2077
 318 0148 1104     		.short	1041
 319 014a 0000     		.short	0
 320 014c EFFB     		.short	-1041
 321 014e E3F7     		.short	-2077
 322 0150 E0F3     		.short	-3104
 323 0152 EDEF     		.short	-4115
 324 0154 0DEC     		.short	-5107
 325 0156 45E8     		.short	-6075
 326 0158 9AE4     		.short	-7014
 327 015a 0FE1     		.short	-7921
 328 015c A9DD     		.short	-8791
 329 015e 69DA     		.short	-9623
 330 0160 55D7     		.short	-10411
 331 0162 6ED4     		.short	-11154
 332 0164 B7D1     		.short	-11849
 333 0166 30CF     		.short	-12496
 334 0168 DDCC     		.short	-13091
 335 016a 443B     		.short	15172
 336 016c 4C3B     		.short	15180
 337 016e 663B     		.short	15206
 338 0170 903B     		.short	15248
 339 0172 CA3B     		.short	15306
 340 0174 113C     		.short	15377
 341 0176 653C     		.short	15461
 342 0178 C33C     		.short	15555
 343 017a 283D     		.short	15656
 344 017c 923D     		.short	15762
 345 017e FE3D     		.short	15870
 346 0180 693E     		.short	15977
ARM GAS  /tmp/cc9oiqaJ.s 			page 7


 347 0182 CF3E     		.short	16079
 348 0184 2C3F     		.short	16172
 349 0186 7D3F     		.short	16253
 350 0188 BD3F     		.short	16317
 351 018a EA3F     		.short	16362
 352 018c FF3F     		.short	16383
 353 018e F93F     		.short	16377
 354 0190 D43F     		.short	16340
 355 0192 8D3F     		.short	16269
 356 0194 1F3F     		.short	16159
 357 0196 893E     		.short	16009
 358 0198 C83D     		.short	15816
 359 019a D93C     		.short	15577
 360 019c B93B     		.short	15289
 361 019e 693A     		.short	14953
 362 01a0 E538     		.short	14565
 363 01a2 2E37     		.short	14126
 364 01a4 4235     		.short	13634
 365 01a6 2333     		.short	13091
 366 01a8 D030     		.short	12496
 367 01aa 492E     		.short	11849
 368 01ac 922B     		.short	11154
 369 01ae AB28     		.short	10411
 370 01b0 9725     		.short	9623
 371 01b2 5722     		.short	8791
 372 01b4 F11E     		.short	7921
 373 01b6 661B     		.short	7014
 374 01b8 BB17     		.short	6075
 375 01ba F313     		.short	5107
 376 01bc 1310     		.short	4115
 377 01be 200C     		.short	3104
 378 01c0 1D08     		.short	2077
 379 01c2 1104     		.short	1041
 380 01c4 0000     		.short	0
 381 01c6 EFFB     		.short	-1041
 382 01c8 E3F7     		.short	-2077
 383 01ca E0F3     		.short	-3104
 384 01cc EDEF     		.short	-4115
 385 01ce 0DEC     		.short	-5107
 386 01d0 45E8     		.short	-6075
 387 01d2 9AE4     		.short	-7014
 388 01d4 0FE1     		.short	-7921
 389 01d6 A9DD     		.short	-8791
 390 01d8 69DA     		.short	-9623
 391 01da 55D7     		.short	-10411
 392 01dc 6ED4     		.short	-11154
 393 01de B7D1     		.short	-11849
 394 01e0 30CF     		.short	-12496
 395 01e2 DDCC     		.short	-13091
 396 01e4 BECA     		.short	-13634
 397 01e6 D2C8     		.short	-14126
 398 01e8 1BC7     		.short	-14565
 399 01ea 97C5     		.short	-14953
 400 01ec 47C4     		.short	-15289
 401 01ee 27C3     		.short	-15577
 402 01f0 38C2     		.short	-15816
 403 01f2 77C1     		.short	-16009
ARM GAS  /tmp/cc9oiqaJ.s 			page 8


 404 01f4 E1C0     		.short	-16159
 405 01f6 73C0     		.short	-16269
 406 01f8 2CC0     		.short	-16340
 407 01fa 07C0     		.short	-16377
 408 01fc 01C0     		.short	-16383
 409 01fe 16C0     		.short	-16362
 410 0200 43C0     		.short	-16317
 411 0202 83C0     		.short	-16253
 412 0204 D4C0     		.short	-16172
 413 0206 31C1     		.short	-16079
 414 0208 97C1     		.short	-15977
 415 020a 02C2     		.short	-15870
 416 020c 6EC2     		.short	-15762
 417 020e D8C2     		.short	-15656
 418 0210 3DC3     		.short	-15555
 419 0212 9BC3     		.short	-15461
 420 0214 EFC3     		.short	-15377
 421 0216 36C4     		.short	-15306
 422 0218 70C4     		.short	-15248
 423 021a 9AC4     		.short	-15206
 424 021c B4C4     		.short	-15180
 425 021e BCC4     		.short	-15172
 426 0220 B4C4     		.short	-15180
 427 0222 9AC4     		.short	-15206
 428 0224 70C4     		.short	-15248
 429 0226 36C4     		.short	-15306
 430 0228 EFC3     		.short	-15377
 431 022a 9BC3     		.short	-15461
 432 022c 3DC3     		.short	-15555
 433 022e D8C2     		.short	-15656
 434 0230 6EC2     		.short	-15762
 435 0232 02C2     		.short	-15870
 436 0234 97C1     		.short	-15977
 437 0236 31C1     		.short	-16079
 438 0238 D4C0     		.short	-16172
 439 023a 83C0     		.short	-16253
 440 023c 43C0     		.short	-16317
 441 023e 16C0     		.short	-16362
 442 0240 01C0     		.short	-16383
 443 0242 07C0     		.short	-16377
 444 0244 2CC0     		.short	-16340
 445 0246 73C0     		.short	-16269
 446 0248 E1C0     		.short	-16159
 447 024a 77C1     		.short	-16009
 448 024c 38C2     		.short	-15816
 449 024e 27C3     		.short	-15577
 450 0250 47C4     		.short	-15289
 451 0252 97C5     		.short	-14953
 452 0254 1BC7     		.short	-14565
 453 0256 D2C8     		.short	-14126
 454 0258 BECA     		.short	-13634
 455 025a DDCC     		.short	-13091
 456 025c 30CF     		.short	-12496
 457 025e B7D1     		.short	-11849
 458 0260 6ED4     		.short	-11154
 459 0262 55D7     		.short	-10411
 460 0264 69DA     		.short	-9623
ARM GAS  /tmp/cc9oiqaJ.s 			page 9


 461 0266 A9DD     		.short	-8791
 462 0268 0FE1     		.short	-7921
 463 026a 9AE4     		.short	-7014
 464 026c 45E8     		.short	-6075
 465 026e 0DEC     		.short	-5107
 466 0270 EDEF     		.short	-4115
 467 0272 E0F3     		.short	-3104
 468 0274 E3F7     		.short	-2077
 469 0276 EFFB     		.short	-1041
 470 0278 0000     		.short	0
 471 027a 1104     		.short	1041
 472 027c 1D08     		.short	2077
 473 027e 200C     		.short	3104
 474 0280 1310     		.short	4115
 475 0282 F313     		.short	5107
 476 0284 BB17     		.short	6075
 477 0286 661B     		.short	7014
 478 0288 F11E     		.short	7921
 479 028a 5722     		.short	8791
 480 028c 9725     		.short	9623
 481 028e AB28     		.short	10411
 482 0290 922B     		.short	11154
 483 0292 492E     		.short	11849
 484 0294 D030     		.short	12496
 485 0296 2333     		.short	13091
 486 0298 4235     		.short	13634
 487 029a 2E37     		.short	14126
 488 029c E538     		.short	14565
 489 029e 693A     		.short	14953
 490 02a0 B93B     		.short	15289
 491 02a2 D93C     		.short	15577
 492 02a4 C83D     		.short	15816
 493 02a6 893E     		.short	16009
 494 02a8 1F3F     		.short	16159
 495 02aa 8D3F     		.short	16269
 496 02ac D43F     		.short	16340
 497 02ae F93F     		.short	16377
 498 02b0 FF3F     		.short	16383
 499 02b2 EA3F     		.short	16362
 500 02b4 BD3F     		.short	16317
 501 02b6 7D3F     		.short	16253
 502 02b8 2C3F     		.short	16172
 503 02ba CF3E     		.short	16079
 504 02bc 693E     		.short	15977
 505 02be FE3D     		.short	15870
 506 02c0 923D     		.short	15762
 507 02c2 283D     		.short	15656
 508 02c4 C33C     		.short	15555
 509 02c6 653C     		.short	15461
 510 02c8 113C     		.short	15377
 511 02ca CA3B     		.short	15306
 512 02cc 903B     		.short	15248
 513 02ce 663B     		.short	15206
 514 02d0 4C3B     		.short	15180
 515 02d2 443B     		.short	15172
 516 02d4 DDCC     		.short	-13091
 517 02d6 30CF     		.short	-12496
ARM GAS  /tmp/cc9oiqaJ.s 			page 10


 518 02d8 B7D1     		.short	-11849
 519 02da 6ED4     		.short	-11154
 520 02dc 55D7     		.short	-10411
 521 02de 69DA     		.short	-9623
 522 02e0 A9DD     		.short	-8791
 523 02e2 0FE1     		.short	-7921
 524 02e4 9AE4     		.short	-7014
 525 02e6 45E8     		.short	-6075
 526 02e8 0DEC     		.short	-5107
 527 02ea EDEF     		.short	-4115
 528 02ec E0F3     		.short	-3104
 529 02ee E3F7     		.short	-2077
 530 02f0 EFFB     		.short	-1041
 531 02f2 0000     		.short	0
 532 02f4 1104     		.short	1041
 533 02f6 1D08     		.short	2077
 534 02f8 200C     		.short	3104
 535 02fa 1310     		.short	4115
 536 02fc F313     		.short	5107
 537 02fe BB17     		.short	6075
 538 0300 661B     		.short	7014
 539 0302 F11E     		.short	7921
 540 0304 5722     		.short	8791
 541 0306 9725     		.short	9623
 542 0308 AB28     		.short	10411
 543 030a 922B     		.short	11154
 544 030c 492E     		.short	11849
 545 030e D030     		.short	12496
 546 0310 2333     		.short	13091
 547 0312 4235     		.short	13634
 548 0314 2E37     		.short	14126
 549 0316 E538     		.short	14565
 550 0318 693A     		.short	14953
 551 031a B93B     		.short	15289
 552 031c D93C     		.short	15577
 553 031e C83D     		.short	15816
 554 0320 893E     		.short	16009
 555 0322 1F3F     		.short	16159
 556 0324 8D3F     		.short	16269
 557 0326 D43F     		.short	16340
 558 0328 F93F     		.short	16377
 559 032a FF3F     		.short	16383
 560 032c EA3F     		.short	16362
 561 032e BD3F     		.short	16317
 562 0330 7D3F     		.short	16253
 563 0332 2C3F     		.short	16172
 564 0334 CF3E     		.short	16079
 565 0336 693E     		.short	15977
 566 0338 FE3D     		.short	15870
 567 033a 923D     		.short	15762
 568 033c 283D     		.short	15656
 569 033e C33C     		.short	15555
 570 0340 653C     		.short	15461
 571 0342 113C     		.short	15377
 572 0344 CA3B     		.short	15306
 573 0346 903B     		.short	15248
 574 0348 663B     		.short	15206
ARM GAS  /tmp/cc9oiqaJ.s 			page 11


 575 034a 4C3B     		.short	15180
 576 034c 443B     		.short	15172
 577 034e 4C3B     		.short	15180
 578 0350 663B     		.short	15206
 579 0352 903B     		.short	15248
 580 0354 CA3B     		.short	15306
 581 0356 113C     		.short	15377
 582 0358 653C     		.short	15461
 583 035a C33C     		.short	15555
 584 035c 283D     		.short	15656
 585 035e 923D     		.short	15762
 586 0360 FE3D     		.short	15870
 587 0362 693E     		.short	15977
 588 0364 CF3E     		.short	16079
 589 0366 2C3F     		.short	16172
 590 0368 7D3F     		.short	16253
 591 036a BD3F     		.short	16317
 592 036c EA3F     		.short	16362
 593 036e FF3F     		.short	16383
 594 0370 F93F     		.short	16377
 595 0372 D43F     		.short	16340
 596 0374 8D3F     		.short	16269
 597 0376 1F3F     		.short	16159
 598 0378 893E     		.short	16009
 599 037a C83D     		.short	15816
 600 037c D93C     		.short	15577
 601 037e B93B     		.short	15289
 602 0380 693A     		.short	14953
 603 0382 E538     		.short	14565
 604 0384 2E37     		.short	14126
 605 0386 4235     		.short	13634
 606 0388 2333     		.short	13091
 607 038a D030     		.short	12496
 608 038c 492E     		.short	11849
 609 038e 922B     		.short	11154
 610 0390 AB28     		.short	10411
 611 0392 9725     		.short	9623
 612 0394 5722     		.short	8791
 613 0396 F11E     		.short	7921
 614 0398 661B     		.short	7014
 615 039a BB17     		.short	6075
 616 039c F313     		.short	5107
 617 039e 1310     		.short	4115
 618 03a0 200C     		.short	3104
 619 03a2 1D08     		.short	2077
 620 03a4 1104     		.short	1041
 621 03a6 0000     		.short	0
 622 03a8 EFFB     		.short	-1041
 623 03aa E3F7     		.short	-2077
 624 03ac E0F3     		.short	-3104
 625 03ae EDEF     		.short	-4115
 626 03b0 0DEC     		.short	-5107
 627 03b2 45E8     		.short	-6075
 628 03b4 9AE4     		.short	-7014
 629 03b6 0FE1     		.short	-7921
 630 03b8 A9DD     		.short	-8791
 631 03ba 69DA     		.short	-9623
ARM GAS  /tmp/cc9oiqaJ.s 			page 12


 632 03bc 55D7     		.short	-10411
 633 03be 6ED4     		.short	-11154
 634 03c0 B7D1     		.short	-11849
 635 03c2 30CF     		.short	-12496
 636 03c4 DDCC     		.short	-13091
 637 03c6 BECA     		.short	-13634
 638 03c8 D2C8     		.short	-14126
 639 03ca 1BC7     		.short	-14565
 640 03cc 97C5     		.short	-14953
 641 03ce 47C4     		.short	-15289
 642 03d0 27C3     		.short	-15577
 643 03d2 38C2     		.short	-15816
 644 03d4 77C1     		.short	-16009
 645 03d6 E1C0     		.short	-16159
 646 03d8 73C0     		.short	-16269
 647 03da 2CC0     		.short	-16340
 648 03dc 07C0     		.short	-16377
 649 03de 01C0     		.short	-16383
 650 03e0 16C0     		.short	-16362
 651 03e2 43C0     		.short	-16317
 652 03e4 83C0     		.short	-16253
 653 03e6 D4C0     		.short	-16172
 654 03e8 31C1     		.short	-16079
 655 03ea 97C1     		.short	-15977
 656 03ec 02C2     		.short	-15870
 657 03ee 6EC2     		.short	-15762
 658 03f0 D8C2     		.short	-15656
 659 03f2 3DC3     		.short	-15555
 660 03f4 9BC3     		.short	-15461
 661 03f6 EFC3     		.short	-15377
 662 03f8 36C4     		.short	-15306
 663 03fa 70C4     		.short	-15248
 664 03fc 9AC4     		.short	-15206
 665 03fe B4C4     		.short	-15180
 666 0400 BCC4     		.short	-15172
 667 0402 B4C4     		.short	-15180
 668 0404 9AC4     		.short	-15206
 669 0406 70C4     		.short	-15248
 670 0408 36C4     		.short	-15306
 671 040a EFC3     		.short	-15377
 672 040c 9BC3     		.short	-15461
 673 040e 3DC3     		.short	-15555
 674 0410 D8C2     		.short	-15656
 675 0412 6EC2     		.short	-15762
 676 0414 02C2     		.short	-15870
 677 0416 97C1     		.short	-15977
 678 0418 31C1     		.short	-16079
 679 041a D4C0     		.short	-16172
 680 041c 83C0     		.short	-16253
 681 041e 43C0     		.short	-16317
 682 0420 16C0     		.short	-16362
 683 0422 01C0     		.short	-16383
 684 0424 07C0     		.short	-16377
 685 0426 2CC0     		.short	-16340
 686 0428 73C0     		.short	-16269
 687 042a E1C0     		.short	-16159
 688 042c 77C1     		.short	-16009
ARM GAS  /tmp/cc9oiqaJ.s 			page 13


 689 042e 38C2     		.short	-15816
 690 0430 27C3     		.short	-15577
 691 0432 47C4     		.short	-15289
 692 0434 97C5     		.short	-14953
 693 0436 1BC7     		.short	-14565
 694 0438 D2C8     		.short	-14126
 695 043a BECA     		.short	-13634
 696 043c DDCC     		.short	-13091
 697 043e 0020     		.short	8192
 698 0440 EA21     		.short	8682
 699 0442 CA23     		.short	9162
 700 0444 9E25     		.short	9630
 701 0446 6727     		.short	10087
 702 0448 2329     		.short	10531
 703 044a D32A     		.short	10963
 704 044c 752C     		.short	11381
 705 044e 0A2E     		.short	11786
 706 0450 902F     		.short	12176
 707 0452 0731     		.short	12551
 708 0454 6F32     		.short	12911
 709 0456 C733     		.short	13255
 710 0458 0F35     		.short	13583
 711 045a 4636     		.short	13894
 712 045c 6D37     		.short	14189
 713 045e 8238     		.short	14466
 714 0460 8639     		.short	14726
 715 0462 783A     		.short	14968
 716 0464 573B     		.short	15191
 717 0466 243C     		.short	15396
 718 0468 DE3C     		.short	15582
 719 046a 853D     		.short	15749
 720 046c 193E     		.short	15897
 721 046e 9A3E     		.short	16026
 722 0470 073F     		.short	16135
 723 0472 613F     		.short	16225
 724 0474 A63F     		.short	16294
 725 0476 D83F     		.short	16344
 726 0478 F63F     		.short	16374
 727 047a 0040     		.short	16384
 728 047c F63F     		.short	16374
 729 047e D83F     		.short	16344
 730 0480 A63F     		.short	16294
 731 0482 613F     		.short	16225
 732 0484 073F     		.short	16135
 733 0486 9A3E     		.short	16026
 734 0488 193E     		.short	15897
 735 048a 853D     		.short	15749
 736 048c DE3C     		.short	15582
 737 048e 243C     		.short	15396
 738 0490 573B     		.short	15191
 739 0492 783A     		.short	14968
 740 0494 8639     		.short	14726
 741 0496 8238     		.short	14466
 742 0498 6D37     		.short	14189
 743 049a 4636     		.short	13894
 744 049c 0F35     		.short	13583
 745 049e C733     		.short	13255
ARM GAS  /tmp/cc9oiqaJ.s 			page 14


 746 04a0 6F32     		.short	12911
 747 04a2 0731     		.short	12551
 748 04a4 902F     		.short	12176
 749 04a6 0A2E     		.short	11786
 750 04a8 752C     		.short	11381
 751 04aa D32A     		.short	10963
 752 04ac 2329     		.short	10531
 753 04ae 6727     		.short	10087
 754 04b0 9E25     		.short	9630
 755 04b2 CA23     		.short	9162
 756 04b4 EA21     		.short	8682
 757 04b6 0020     		.short	8192
 758 04b8 0C1E     		.short	7692
 759 04ba 0E1C     		.short	7182
 760 04bc 081A     		.short	6664
 761 04be FA17     		.short	6138
 762 04c0 E415     		.short	5604
 763 04c2 C713     		.short	5063
 764 04c4 A411     		.short	4516
 765 04c6 7C0F     		.short	3964
 766 04c8 4E0D     		.short	3406
 767 04ca 1D0B     		.short	2845
 768 04cc E808     		.short	2280
 769 04ce B106     		.short	1713
 770 04d0 7704     		.short	1143
 771 04d2 3C02     		.short	572
 772 04d4 0000     		.short	0
 773 04d6 C4FD     		.short	-572
 774 04d8 89FB     		.short	-1143
 775 04da 4FF9     		.short	-1713
 776 04dc 18F7     		.short	-2280
 777 04de E3F4     		.short	-2845
 778 04e0 B2F2     		.short	-3406
 779 04e2 84F0     		.short	-3964
 780 04e4 5CEE     		.short	-4516
 781 04e6 39EC     		.short	-5063
 782 04e8 1CEA     		.short	-5604
 783 04ea 06E8     		.short	-6138
 784 04ec F8E5     		.short	-6664
 785 04ee F2E3     		.short	-7182
 786 04f0 F4E1     		.short	-7692
 787 04f2 00E0     		.short	-8192
 788 04f4 16DE     		.short	-8682
 789 04f6 36DC     		.short	-9162
 790 04f8 62DA     		.short	-9630
 791 04fa 99D8     		.short	-10087
 792 04fc DDD6     		.short	-10531
 793 04fe 2DD5     		.short	-10963
 794 0500 8BD3     		.short	-11381
 795 0502 F6D1     		.short	-11786
 796 0504 70D0     		.short	-12176
 797 0506 F9CE     		.short	-12551
 798 0508 91CD     		.short	-12911
 799 050a 39CC     		.short	-13255
 800 050c F1CA     		.short	-13583
 801 050e BAC9     		.short	-13894
 802 0510 93C8     		.short	-14189
ARM GAS  /tmp/cc9oiqaJ.s 			page 15


 803 0512 7EC7     		.short	-14466
 804 0514 7AC6     		.short	-14726
 805 0516 88C5     		.short	-14968
 806 0518 A9C4     		.short	-15191
 807 051a DCC3     		.short	-15396
 808 051c 22C3     		.short	-15582
 809 051e 7BC2     		.short	-15749
 810 0520 E7C1     		.short	-15897
 811 0522 66C1     		.short	-16026
 812 0524 F9C0     		.short	-16135
 813 0526 9FC0     		.short	-16225
 814 0528 5AC0     		.short	-16294
 815 052a 28C0     		.short	-16344
 816 052c 0AC0     		.short	-16374
 817 052e 00C0     		.short	-16384
 818 0530 0AC0     		.short	-16374
 819 0532 28C0     		.short	-16344
 820 0534 5AC0     		.short	-16294
 821 0536 9FC0     		.short	-16225
 822 0538 F9C0     		.short	-16135
 823 053a 66C1     		.short	-16026
 824 053c E7C1     		.short	-15897
 825 053e 7BC2     		.short	-15749
 826 0540 22C3     		.short	-15582
 827 0542 DCC3     		.short	-15396
 828 0544 A9C4     		.short	-15191
 829 0546 88C5     		.short	-14968
 830 0548 7AC6     		.short	-14726
 831 054a 7EC7     		.short	-14466
 832 054c 93C8     		.short	-14189
 833 054e BAC9     		.short	-13894
 834 0550 F1CA     		.short	-13583
 835 0552 39CC     		.short	-13255
 836 0554 91CD     		.short	-12911
 837 0556 F9CE     		.short	-12551
 838 0558 70D0     		.short	-12176
 839 055a F6D1     		.short	-11786
 840 055c 8BD3     		.short	-11381
 841 055e 2DD5     		.short	-10963
 842 0560 DDD6     		.short	-10531
 843 0562 99D8     		.short	-10087
 844 0564 62DA     		.short	-9630
 845 0566 36DC     		.short	-9162
 846 0568 16DE     		.short	-8682
 847 056a 00E0     		.short	-8192
 848 056c F4E1     		.short	-7692
 849 056e F2E3     		.short	-7182
 850 0570 F8E5     		.short	-6664
 851 0572 06E8     		.short	-6138
 852 0574 1CEA     		.short	-5604
 853 0576 39EC     		.short	-5063
 854 0578 5CEE     		.short	-4516
 855 057a 84F0     		.short	-3964
 856 057c B2F2     		.short	-3406
 857 057e E3F4     		.short	-2845
 858 0580 18F7     		.short	-2280
 859 0582 4FF9     		.short	-1713
ARM GAS  /tmp/cc9oiqaJ.s 			page 16


 860 0584 89FB     		.short	-1143
 861 0586 C4FD     		.short	-572
 862 0588 0000     		.short	0
 863 058a 3C02     		.short	572
 864 058c 7704     		.short	1143
 865 058e B106     		.short	1713
 866 0590 E808     		.short	2280
 867 0592 1D0B     		.short	2845
 868 0594 4E0D     		.short	3406
 869 0596 7C0F     		.short	3964
 870 0598 A411     		.short	4516
 871 059a C713     		.short	5063
 872 059c E415     		.short	5604
 873 059e FA17     		.short	6138
 874 05a0 081A     		.short	6664
 875 05a2 0E1C     		.short	7182
 876 05a4 0C1E     		.short	7692
 877 05a6 0020     		.short	8192
 878 05a8 6D37     		.short	14189
 879 05aa 4636     		.short	13894
 880 05ac 0F35     		.short	13583
 881 05ae C733     		.short	13255
 882 05b0 6F32     		.short	12911
 883 05b2 0731     		.short	12551
 884 05b4 902F     		.short	12176
 885 05b6 0A2E     		.short	11786
 886 05b8 752C     		.short	11381
 887 05ba D32A     		.short	10963
 888 05bc 2329     		.short	10531
 889 05be 6727     		.short	10087
 890 05c0 9E25     		.short	9630
 891 05c2 CA23     		.short	9162
 892 05c4 EA21     		.short	8682
 893 05c6 0020     		.short	8192
 894 05c8 0C1E     		.short	7692
 895 05ca 0E1C     		.short	7182
 896 05cc 081A     		.short	6664
 897 05ce FA17     		.short	6138
 898 05d0 E415     		.short	5604
 899 05d2 C713     		.short	5063
 900 05d4 A411     		.short	4516
 901 05d6 7C0F     		.short	3964
 902 05d8 4E0D     		.short	3406
 903 05da 1D0B     		.short	2845
 904 05dc E808     		.short	2280
 905 05de B106     		.short	1713
 906 05e0 7704     		.short	1143
 907 05e2 3C02     		.short	572
 908 05e4 0000     		.short	0
 909 05e6 C4FD     		.short	-572
 910 05e8 89FB     		.short	-1143
 911 05ea 4FF9     		.short	-1713
 912 05ec 18F7     		.short	-2280
 913 05ee E3F4     		.short	-2845
 914 05f0 B2F2     		.short	-3406
 915 05f2 84F0     		.short	-3964
 916 05f4 5CEE     		.short	-4516
ARM GAS  /tmp/cc9oiqaJ.s 			page 17


 917 05f6 39EC     		.short	-5063
 918 05f8 1CEA     		.short	-5604
 919 05fa 06E8     		.short	-6138
 920 05fc F8E5     		.short	-6664
 921 05fe F2E3     		.short	-7182
 922 0600 F4E1     		.short	-7692
 923 0602 00E0     		.short	-8192
 924 0604 16DE     		.short	-8682
 925 0606 36DC     		.short	-9162
 926 0608 62DA     		.short	-9630
 927 060a 99D8     		.short	-10087
 928 060c DDD6     		.short	-10531
 929 060e 2DD5     		.short	-10963
 930 0610 8BD3     		.short	-11381
 931 0612 F6D1     		.short	-11786
 932 0614 70D0     		.short	-12176
 933 0616 F9CE     		.short	-12551
 934 0618 91CD     		.short	-12911
 935 061a 39CC     		.short	-13255
 936 061c F1CA     		.short	-13583
 937 061e BAC9     		.short	-13894
 938 0620 93C8     		.short	-14189
 939 0622 7EC7     		.short	-14466
 940 0624 7AC6     		.short	-14726
 941 0626 88C5     		.short	-14968
 942 0628 A9C4     		.short	-15191
 943 062a DCC3     		.short	-15396
 944 062c 22C3     		.short	-15582
 945 062e 7BC2     		.short	-15749
 946 0630 E7C1     		.short	-15897
 947 0632 66C1     		.short	-16026
 948 0634 F9C0     		.short	-16135
 949 0636 9FC0     		.short	-16225
 950 0638 5AC0     		.short	-16294
 951 063a 28C0     		.short	-16344
 952 063c 0AC0     		.short	-16374
 953 063e 00C0     		.short	-16384
 954 0640 0AC0     		.short	-16374
 955 0642 28C0     		.short	-16344
 956 0644 5AC0     		.short	-16294
 957 0646 9FC0     		.short	-16225
 958 0648 F9C0     		.short	-16135
 959 064a 66C1     		.short	-16026
 960 064c E7C1     		.short	-15897
 961 064e 7BC2     		.short	-15749
 962 0650 22C3     		.short	-15582
 963 0652 DCC3     		.short	-15396
 964 0654 A9C4     		.short	-15191
 965 0656 88C5     		.short	-14968
 966 0658 7AC6     		.short	-14726
 967 065a 7EC7     		.short	-14466
 968 065c 93C8     		.short	-14189
 969 065e BAC9     		.short	-13894
 970 0660 F1CA     		.short	-13583
 971 0662 39CC     		.short	-13255
 972 0664 91CD     		.short	-12911
 973 0666 F9CE     		.short	-12551
ARM GAS  /tmp/cc9oiqaJ.s 			page 18


 974 0668 70D0     		.short	-12176
 975 066a F6D1     		.short	-11786
 976 066c 8BD3     		.short	-11381
 977 066e 2DD5     		.short	-10963
 978 0670 DDD6     		.short	-10531
 979 0672 99D8     		.short	-10087
 980 0674 62DA     		.short	-9630
 981 0676 36DC     		.short	-9162
 982 0678 16DE     		.short	-8682
 983 067a 00E0     		.short	-8192
 984 067c F4E1     		.short	-7692
 985 067e F2E3     		.short	-7182
 986 0680 F8E5     		.short	-6664
 987 0682 06E8     		.short	-6138
 988 0684 1CEA     		.short	-5604
 989 0686 39EC     		.short	-5063
 990 0688 5CEE     		.short	-4516
 991 068a 84F0     		.short	-3964
 992 068c B2F2     		.short	-3406
 993 068e E3F4     		.short	-2845
 994 0690 18F7     		.short	-2280
 995 0692 4FF9     		.short	-1713
 996 0694 89FB     		.short	-1143
 997 0696 C4FD     		.short	-572
 998 0698 0000     		.short	0
 999 069a 3C02     		.short	572
 1000 069c 7704     		.short	1143
 1001 069e B106     		.short	1713
 1002 06a0 E808     		.short	2280
 1003 06a2 1D0B     		.short	2845
 1004 06a4 4E0D     		.short	3406
 1005 06a6 7C0F     		.short	3964
 1006 06a8 A411     		.short	4516
 1007 06aa C713     		.short	5063
 1008 06ac E415     		.short	5604
 1009 06ae FA17     		.short	6138
 1010 06b0 081A     		.short	6664
 1011 06b2 0E1C     		.short	7182
 1012 06b4 0C1E     		.short	7692
 1013 06b6 0020     		.short	8192
 1014 06b8 EA21     		.short	8682
 1015 06ba CA23     		.short	9162
 1016 06bc 9E25     		.short	9630
 1017 06be 6727     		.short	10087
 1018 06c0 2329     		.short	10531
 1019 06c2 D32A     		.short	10963
 1020 06c4 752C     		.short	11381
 1021 06c6 0A2E     		.short	11786
 1022 06c8 902F     		.short	12176
 1023 06ca 0731     		.short	12551
 1024 06cc 6F32     		.short	12911
 1025 06ce C733     		.short	13255
 1026 06d0 0F35     		.short	13583
 1027 06d2 4636     		.short	13894
 1028 06d4 6D37     		.short	14189
 1029 06d6 8238     		.short	14466
 1030 06d8 8639     		.short	14726
ARM GAS  /tmp/cc9oiqaJ.s 			page 19


 1031 06da 783A     		.short	14968
 1032 06dc 573B     		.short	15191
 1033 06de 243C     		.short	15396
 1034 06e0 DE3C     		.short	15582
 1035 06e2 853D     		.short	15749
 1036 06e4 193E     		.short	15897
 1037 06e6 9A3E     		.short	16026
 1038 06e8 073F     		.short	16135
 1039 06ea 613F     		.short	16225
 1040 06ec A63F     		.short	16294
 1041 06ee D83F     		.short	16344
 1042 06f0 F63F     		.short	16374
 1043 06f2 0040     		.short	16384
 1044 06f4 F63F     		.short	16374
 1045 06f6 D83F     		.short	16344
 1046 06f8 A63F     		.short	16294
 1047 06fa 613F     		.short	16225
 1048 06fc 073F     		.short	16135
 1049 06fe 9A3E     		.short	16026
 1050 0700 193E     		.short	15897
 1051 0702 853D     		.short	15749
 1052 0704 DE3C     		.short	15582
 1053 0706 243C     		.short	15396
 1054 0708 573B     		.short	15191
 1055 070a 783A     		.short	14968
 1056 070c 8639     		.short	14726
 1057 070e 8238     		.short	14466
 1058 0710 6D37     		.short	14189
 1059 0712 FFFF     		.short	-1
 1060 0714 F3FF     		.short	-13
 1061 0716 CCFF     		.short	-52
 1062 0718 8AFF     		.short	-118
 1063 071a 2EFF     		.short	-210
 1064 071c B7FE     		.short	-329
 1065 071e 26FE     		.short	-474
 1066 0720 7AFD     		.short	-646
 1067 0722 B3FC     		.short	-845
 1068 0724 D1FB     		.short	-1071
 1069 0726 D3FA     		.short	-1325
 1070 0728 BAF9     		.short	-1606
 1071 072a 84F8     		.short	-1916
 1072 072c 31F7     		.short	-2255
 1073 072e C1F5     		.short	-2623
 1074 0730 34F4     		.short	-3020
 1075 0732 88F2     		.short	-3448
 1076 0734 BEF0     		.short	-3906
 1077 0736 D4EE     		.short	-4396
 1078 0738 CAEC     		.short	-4918
 1079 073a 9EEA     		.short	-5474
 1080 073c 51E8     		.short	-6063
 1081 073e E0E5     		.short	-6688
 1082 0740 4BE3     		.short	-7349
 1083 0742 91E0     		.short	-8047
 1084 0744 B0DD     		.short	-8784
 1085 0746 A6DA     		.short	-9562
 1086 0748 73D7     		.short	-10381
 1087 074a 13D4     		.short	-11245
ARM GAS  /tmp/cc9oiqaJ.s 			page 20


 1088 074c 85D0     		.short	-12155
 1089 074e C6CC     		.short	-13114
 1090 0750 D5C8     		.short	-14123
 1091 0752 ADC4     		.short	-15187
 1092 0754 4BC0     		.short	-16309
 1093 0756 ABBB     		.short	-17493
 1094 0758 C8B6     		.short	-18744
 1095 075a 9EB1     		.short	-20066
 1096 075c 25AC     		.short	-21467
 1097 075e 55A6     		.short	-22955
 1098 0760 25A0     		.short	-24539
 1099 0762 8B99     		.short	-26229
 1100 0764 7692     		.short	-28042
 1101 0766 D58A     		.short	-29995
 1102 0768 8E82     		.short	-32114
 1103 076a 8179     		.short	31105
 1104 076c 7C6F     		.short	28540
 1105 076e 3764     		.short	25655
 1106 0770 3357     		.short	22323
 1107 0772 8047     		.short	18304
 1108 0774 AE32     		.short	12974
 1109 0776 FF       		.byte	-1
 1110 0777 01       		.byte	1
 1111 0778 00       		.byte	0
 1112 0779 FF       		.byte	-1
 1113 077a 00       		.byte	0
 1114 077b 01       		.byte	1
 1115 077c 00       		.byte	0
 1116 077d FF       		.byte	-1
 1117 077e 01       		.byte	1
 1118 077f 01       		.byte	1
 1119 0780 FF       		.byte	-1
 1120 0781 00       		.byte	0
 1121 0782 01       		.byte	1
 1122 0783 00       		.byte	0
 1123 0784 FF       		.byte	-1
 1124 0785 00       		.byte	0
 1125 0786 01       		.byte	1
 1126 0787 FF       		.byte	-1
 1127 0788 00       		.byte	0
 1128 0789 02       		.byte	2
 1129 078a 00       		.byte	0
 1130 078b 01       		.byte	1
 1131 078c 04       		.byte	4
 1132 078d 03       		.byte	3
 1133 078e 05       		.byte	5
 1134 078f 00       		.byte	0
 1135              		.text
 1136              	.Letext0:
 1137              		.file 1 "Inc/rtwtypes.h"
 1138              		.file 2 "Inc/BLDC_controller.h"
 1139              		.file 3 "Src/BLDC_controller_data.c"
ARM GAS  /tmp/cc9oiqaJ.s 			page 21


DEFINED SYMBOLS
                            *ABS*:0000000000000000 BLDC_controller_data.c
     /tmp/cc9oiqaJ.s:21     .data.rtP_Left:0000000000000000 rtP_Left
     /tmp/cc9oiqaJ.s:153    .rodata.rtConstP:0000000000000000 rtConstP
     /tmp/cc9oiqaJ.s:18     .data.rtP_Left:0000000000000000 $d
     /tmp/cc9oiqaJ.s:150    .rodata.rtConstP:0000000000000000 $d

NO UNDEFINED SYMBOLS
